2021-11-03 01:50:58 [main] ERROR by.epam.task3.validator.XMLValidator - Reading from fileWrong.xml was failed or interrupted
java.io.FileNotFoundException: C:\Users\Ekaterina\IdeaProjects\task3\fileWrong.xml (Не удается найти указанный файл)
	at java.io.FileInputStream.open0(Native Method) ~[?:?]
	at java.io.FileInputStream.open(FileInputStream.java:216) ~[?:?]
	at java.io.FileInputStream.<init>(FileInputStream.java:157) ~[?:?]
	at java.io.FileInputStream.<init>(FileInputStream.java:111) ~[?:?]
	at sun.net.www.protocol.file.FileURLConnection.connect(FileURLConnection.java:86) ~[?:?]
	at sun.net.www.protocol.file.FileURLConnection.getInputStream(FileURLConnection.java:189) ~[?:?]
	at com.sun.org.apache.xerces.internal.impl.XMLEntityManager.setupCurrentEntity(XMLEntityManager.java:653) ~[?:?]
	at com.sun.org.apache.xerces.internal.impl.XMLVersionDetector.determineDocVersion(XMLVersionDetector.java:150) ~[?:?]
	at com.sun.org.apache.xerces.internal.parsers.XML11Configuration.parse(XML11Configuration.java:861) ~[?:?]
	at com.sun.org.apache.xerces.internal.parsers.XML11Configuration.parse(XML11Configuration.java:825) ~[?:?]
	at com.sun.org.apache.xerces.internal.jaxp.validation.StreamValidatorHelper.validate(StreamValidatorHelper.java:178) ~[?:?]
	at com.sun.org.apache.xerces.internal.jaxp.validation.ValidatorImpl.validate(ValidatorImpl.java:115) ~[?:?]
	at javax.xml.validation.Validator.validate(Validator.java:124) ~[?:?]
	at by.epam.task3.validator.XMLValidator.validateXMLFile(XMLValidator.java:32) ~[classes/:?]
	at by.epam.task3.test.validator.XMLValidatorTest.validateXmlFileExceptionTest(XMLValidatorTest.java:49) ~[test-classes/:?]
	at jdk.internal.reflect.NativeMethodAccessorImpl.invoke0(Native Method) ~[?:?]
	at jdk.internal.reflect.NativeMethodAccessorImpl.invoke(NativeMethodAccessorImpl.java:77) ~[?:?]
	at jdk.internal.reflect.DelegatingMethodAccessorImpl.invoke(DelegatingMethodAccessorImpl.java:43) ~[?:?]
	at java.lang.reflect.Method.invoke(Method.java:568) ~[?:?]
	at org.testng.internal.MethodInvocationHelper.invokeMethod(MethodInvocationHelper.java:133) ~[testng-7.4.0.jar:7.4.0]
	at org.testng.internal.TestInvoker.invokeMethod(TestInvoker.java:598) ~[testng-7.4.0.jar:7.4.0]
	at org.testng.internal.TestInvoker.invokeTestMethod(TestInvoker.java:173) ~[testng-7.4.0.jar:7.4.0]
	at org.testng.internal.MethodRunner.runInSequence(MethodRunner.java:46) ~[testng-7.4.0.jar:7.4.0]
	at org.testng.internal.TestInvoker$MethodInvocationAgent.invoke(TestInvoker.java:824) ~[testng-7.4.0.jar:7.4.0]
	at org.testng.internal.TestInvoker.invokeTestMethods(TestInvoker.java:146) ~[testng-7.4.0.jar:7.4.0]
	at org.testng.internal.TestMethodWorker.invokeTestMethods(TestMethodWorker.java:146) ~[testng-7.4.0.jar:7.4.0]
	at org.testng.internal.TestMethodWorker.run(TestMethodWorker.java:128) ~[testng-7.4.0.jar:7.4.0]
	at java.util.ArrayList.forEach(ArrayList.java:1511) [?:?]
	at org.testng.TestRunner.privateRun(TestRunner.java:794) [testng-7.4.0.jar:7.4.0]
	at org.testng.TestRunner.run(TestRunner.java:596) [testng-7.4.0.jar:7.4.0]
	at org.testng.SuiteRunner.runTest(SuiteRunner.java:377) [testng-7.4.0.jar:7.4.0]
	at org.testng.SuiteRunner.runSequentially(SuiteRunner.java:371) [testng-7.4.0.jar:7.4.0]
	at org.testng.SuiteRunner.privateRun(SuiteRunner.java:332) [testng-7.4.0.jar:7.4.0]
	at org.testng.SuiteRunner.run(SuiteRunner.java:276) [testng-7.4.0.jar:7.4.0]
	at org.testng.SuiteRunnerWorker.runSuite(SuiteRunnerWorker.java:53) [testng-7.4.0.jar:7.4.0]
	at org.testng.SuiteRunnerWorker.run(SuiteRunnerWorker.java:96) [testng-7.4.0.jar:7.4.0]
	at org.testng.TestNG.runSuitesSequentially(TestNG.java:1212) [testng-7.4.0.jar:7.4.0]
	at org.testng.TestNG.runSuitesLocally(TestNG.java:1134) [testng-7.4.0.jar:7.4.0]
	at org.testng.TestNG.runSuites(TestNG.java:1063) [testng-7.4.0.jar:7.4.0]
	at org.testng.TestNG.run(TestNG.java:1031) [testng-7.4.0.jar:7.4.0]
	at com.intellij.rt.testng.IDEARemoteTestNG.run(IDEARemoteTestNG.java:66) [testng-rt.jar:?]
	at com.intellij.rt.testng.RemoteTestNGStarter.main(RemoteTestNGStarter.java:109) [testng-rt.jar:?]
2021-11-03 01:50:58 [main] ERROR by.epam.task3.handler.GemsErrorHandler - 6 : 40-cvc-elt.1.a: Cannot find the declaration of element 'schema'.
2021-11-03 01:51:58 [main] ERROR by.epam.task3.handler.GemsErrorHandler - 6 : 40-cvc-elt.1.a: Cannot find the declaration of element 'schema'.
2021-11-03 01:52:49 [main] ERROR by.epam.task3.handler.GemsErrorHandler - 6 : 40-cvc-elt.1.a: Cannot find the declaration of element 'schema'.
2021-11-03 01:59:19 [main] INFO  by.epam.task3.builder.StaxGemBuilder - Gems from StAX builder are:
2021-11-03 01:59:19 [main] INFO  by.epam.task3.main.Main - [
SyntheticGem{ name=opal, id=gem-15, preciousness=precious, VisualParameters{colour=white, transparency=22, cut=10}, gemValue=7.8, producer=Producer{company='KYOCERA Corporation', country=Country{value='Japan'}}, dateOfProduction=2021-02-23}, 
NaturalGem{ name=amethyst, id=gem-9, preciousness=semiprecious, VisualParameters{colour=pink, transparency=26, cut=4} gemValue=2.5, originCountry=Country{value='Brazil'} extractionDate=2021-04-25}, 
NaturalGem{ name=ruby, id=gem-1, preciousness=precious, VisualParameters{colour=red, transparency=30, cut=10} gemValue=3.0, originCountry=Country{value='Madagascar'} extractionDate=2019-11-12}, 
SyntheticGem{ name=diamond, id=gem-2, preciousness=precious, VisualParameters{colour=white, transparency=80, cut=12}, gemValue=5.0, producer=Producer{company='Sandvik AB', country=Country{value='Sweden'}}, dateOfProduction=2020-12-12}, 
NaturalGem{ name=tourmaline, id=gem-5, preciousness=semiprecious, VisualParameters{colour=pink, transparency=55, cut=4} gemValue=4.0, originCountry=Country{value='Brazil'} extractionDate=2021-03-13}, 
SyntheticGem{ name=ruby, id=gem-12, preciousness=precious, VisualParameters{colour=red, transparency=65, cut=8}, gemValue=4.5, producer=Producer{company='ILJIN Holdings Co.,Ltd.', country=Country{value='South_Korea'}}, dateOfProduction=2020-12-12}, 
SyntheticGem{ name=diamond, id=gem-10, preciousness=precious, VisualParameters{colour=yellow, transparency=95, cut=12}, gemValue=5.2, producer=Producer{company='Zhengzhou Diamond Ltd.', country=Country{value='China'}}, dateOfProduction=2019-08-14}, 
NaturalGem{ name=sapphire, id=gem-3, preciousness=precious, VisualParameters{colour=blue, transparency=80, cut=9} gemValue=5.6, originCountry=Country{value='India'} extractionDate=2018-09-11}, 
SyntheticGem{ name=diamond, id=gem-11, preciousness=precious, VisualParameters{colour=pink, transparency=89, cut=11}, gemValue=3.1, producer=Producer{company='Applied Diamond Inc.', country=Country{value='USA'}}, dateOfProduction=2017-09-09}, 
NaturalGem{ name=beryl, id=gem-7, preciousness=precious, VisualParameters{colour=green, transparency=66, cut=8} gemValue=4.3, originCountry=Country{value='Russia'} extractionDate=2020-01-10}, 
SyntheticGem{ name=diamond, id=gem-16, preciousness=precious, VisualParameters{colour=pink, transparency=88, cut=12}, gemValue=6.1, producer=Producer{company='HEYARU GROUP', country=Country{value='Belgium'}}, dateOfProduction=2021-07-10}, 
NaturalGem{ name=opal, id=gem-6, preciousness=precious, VisualParameters{colour=yellow, transparency=20, cut=8} gemValue=7.5, originCountry=Country{value='USA'} extractionDate=2018-09-02}, 
SyntheticGem{ name=emerald, id=gem-13, preciousness=precious, VisualParameters{colour=green, transparency=77, cut=10}, gemValue=7.5, producer=Producer{company='Tairus Co.Ltd.', country=Country{value='Russia'}}, dateOfProduction=2021-06-11}, 
NaturalGem{ name=emerald, id=gem-4, preciousness=precious, VisualParameters{colour=green, transparency=45, cut=8} gemValue=4.5, originCountry=Country{value='Columbia'} extractionDate=2017-10-10}, 
SyntheticGem{ name=sapphire, id=gem-14, preciousness=precious, VisualParameters{colour=blue, transparency=80, cut=14}, gemValue=7.1, producer=Producer{company='INSACO Inc.', country=Country{value='USA'}}, dateOfProduction=2019-10-01}, 
NaturalGem{ name=alexandrite, id=gem-8, preciousness=precious, VisualParameters{colour=purple, transparency=47, cut=14} gemValue=6.0, originCountry=Country{value='Russia'} extractionDate=2020-07-02}]
2021-11-03 01:59:36 [main] INFO  by.epam.task3.handler.GemHandler - Gems SAX handler starts working
2021-11-03 01:59:36 [main] INFO  by.epam.task3.builder.SaxGemBuilder - Gems from SAX builder are:
2021-11-03 01:59:36 [main] INFO  by.epam.task3.main.Main - [
SyntheticGem{ name=opal, id=gem-15, preciousness=precious, VisualParameters{colour=white, transparency=22, cut=10}, gemValue=7.8, producer=Producer{company='KYOCERA Corporation', country=Country{value='Japan'}}, dateOfProduction=2021-02-23}, 
NaturalGem{ name=alexandrite, id=gem-8, preciousness=precious, VisualParameters{colour=purple, transparency=47, cut=14} gemValue=6.0, originCountry=Country{value='Russia'} extractionDate=2020-07-02}, 
SyntheticGem{ name=diamond, id=gem-2, preciousness=precious, VisualParameters{colour=white, transparency=80, cut=12}, gemValue=5.0, producer=Producer{company='Sandvik AB', country=Country{value='Sweden'}}, dateOfProduction=2020-12-12}, 
SyntheticGem{ name=ruby, id=gem-12, preciousness=precious, VisualParameters{colour=red, transparency=65, cut=8}, gemValue=4.5, producer=Producer{company='ILJIN Holdings Co.,Ltd.', country=Country{value='South_Korea'}}, dateOfProduction=2020-12-12}, 
SyntheticGem{ name=diamond, id=gem-10, preciousness=precious, VisualParameters{colour=yellow, transparency=95, cut=12}, gemValue=5.2, producer=Producer{company='Zhengzhou Diamond Ltd.', country=Country{value='China'}}, dateOfProduction=2019-08-14}, 
NaturalGem{ name=tourmaline, id=gem-5, preciousness=semiprecious, VisualParameters{colour=pink, transparency=55, cut=4} gemValue=4.0, originCountry=Country{value='Brazil'} extractionDate=2021-03-13}, 
NaturalGem{ name=beryl, id=gem-7, preciousness=precious, VisualParameters{colour=green, transparency=66, cut=8} gemValue=4.3, originCountry=Country{value='Russia'} extractionDate=2020-01-10}, 
NaturalGem{ name=emerald, id=gem-4, preciousness=precious, VisualParameters{colour=green, transparency=45, cut=8} gemValue=4.5, originCountry=Country{value='Columbia'} extractionDate=2017-10-10}, 
SyntheticGem{ name=diamond, id=gem-11, preciousness=precious, VisualParameters{colour=pink, transparency=89, cut=11}, gemValue=3.1, producer=Producer{company='Applied Diamond Inc.', country=Country{value='USA'}}, dateOfProduction=2017-09-09}, 
NaturalGem{ name=sapphire, id=gem-3, preciousness=precious, VisualParameters{colour=blue, transparency=80, cut=9} gemValue=5.6, originCountry=Country{value='India'} extractionDate=2018-09-11}, 
SyntheticGem{ name=diamond, id=gem-16, preciousness=precious, VisualParameters{colour=pink, transparency=88, cut=12}, gemValue=6.1, producer=Producer{company='HEYARU GROUP', country=Country{value='Belgium'}}, dateOfProduction=2021-07-10}, 
NaturalGem{ name=ruby, id=gem-1, preciousness=precious, VisualParameters{colour=red, transparency=30, cut=10} gemValue=3.0, originCountry=Country{value='Madagascar'} extractionDate=2019-11-12}, 
NaturalGem{ name=opal, id=gem-6, preciousness=precious, VisualParameters{colour=yellow, transparency=20, cut=8} gemValue=7.5, originCountry=Country{value='USA'} extractionDate=2018-09-02}, 
SyntheticGem{ name=emerald, id=gem-13, preciousness=precious, VisualParameters{colour=green, transparency=77, cut=10}, gemValue=7.5, producer=Producer{company='Tairus Co.Ltd.', country=Country{value='Russia'}}, dateOfProduction=2021-06-11}, 
SyntheticGem{ name=sapphire, id=gem-14, preciousness=precious, VisualParameters{colour=blue, transparency=80, cut=14}, gemValue=7.1, producer=Producer{company='INSACO Inc.', country=Country{value='USA'}}, dateOfProduction=2019-10-01}, 
NaturalGem{ name=amethyst, id=gem-9, preciousness=semiprecious, VisualParameters{colour=pink, transparency=26, cut=4} gemValue=2.5, originCountry=Country{value='Brazil'} extractionDate=2021-04-25}]
