2021-11-01 15:19:10 [main] INFO  by.epam.task3.handler.ConsoleGemsHandler - purple
2021-11-01 15:19:10 [main] INFO  by.epam.task3.handler.ConsoleGemsHandler -  colour
2021-11-01 15:19:10 [main] INFO  by.epam.task3.handler.ConsoleGemsHandler - 
            
2021-11-01 15:19:10 [main] INFO  by.epam.task3.handler.ConsoleGemsHandler - transparency 
2021-11-01 15:19:10 [main] INFO  by.epam.task3.handler.ConsoleGemsHandler - 47
2021-11-01 15:19:10 [main] INFO  by.epam.task3.handler.ConsoleGemsHandler -  transparency
2021-11-01 15:19:10 [main] INFO  by.epam.task3.handler.ConsoleGemsHandler - >
            
2021-11-01 15:19:10 [main] INFO  by.epam.task3.handler.ConsoleGemsHandler - cut 
2021-11-01 15:19:10 [main] INFO  by.epam.task3.handler.ConsoleGemsHandler - 14
2021-11-01 15:19:10 [main] INFO  by.epam.task3.handler.ConsoleGemsHandler -  cut
2021-11-01 15:19:10 [main] INFO  by.epam.task3.handler.ConsoleGemsHandler - >
        
2021-11-01 15:19:10 [main] INFO  by.epam.task3.handler.ConsoleGemsHandler -  visual-parameters
2021-11-01 15:19:10 [main] INFO  by.epam.task3.handler.ConsoleGemsHandler - 
        
2021-11-01 15:19:10 [main] INFO  by.epam.task3.handler.ConsoleGemsHandler - value 
2021-11-01 15:19:10 [main] INFO  by.epam.task3.handler.ConsoleGemsHandler - 6
2021-11-01 15:19:10 [main] INFO  by.epam.task3.handler.ConsoleGemsHandler -  value
2021-11-01 15:19:10 [main] INFO  by.epam.task3.handler.ConsoleGemsHandler - 
        
2021-11-01 15:19:10 [main] INFO  by.epam.task3.handler.ConsoleGemsHandler - origin-country 
2021-11-01 15:19:10 [main] INFO  by.epam.task3.handler.ConsoleGemsHandler - Russia
2021-11-01 15:19:10 [main] INFO  by.epam.task3.handler.ConsoleGemsHandler -  origin-country
2021-11-01 15:19:10 [main] INFO  by.epam.task3.handler.ConsoleGemsHandler - 
        
2021-11-01 15:19:10 [main] INFO  by.epam.task3.handler.ConsoleGemsHandler - extraction-date 
2021-11-01 15:19:10 [main] INFO  by.epam.task3.handler.ConsoleGemsHandler - 2020-07-02
2021-11-01 15:19:10 [main] INFO  by.epam.task3.handler.ConsoleGemsHandler -  extraction-date
2021-11-01 15:19:10 [main] INFO  by.epam.task3.handler.ConsoleGemsHandler - 
    
2021-11-01 15:19:10 [main] INFO  by.epam.task3.handler.ConsoleGemsHandler -  natural
2021-11-01 15:19:10 [main] INFO  by.epam.task3.handler.ConsoleGemsHandler - 

    
2021-11-01 15:19:10 [main] INFO  by.epam.task3.handler.ConsoleGemsHandler - natural  name=amethyst id=gem-9 preciousness=semiprecious
2021-11-01 15:19:10 [main] INFO  by.epam.task3.handler.ConsoleGemsHandler - 
        
2021-11-01 15:19:10 [main] INFO  by.epam.task3.handler.ConsoleGemsHandler - visual-parameters 
2021-11-01 15:19:10 [main] INFO  by.epam.task3.handler.ConsoleGemsHandler - 
            
2021-11-01 15:19:10 [main] INFO  by.epam.task3.handler.ConsoleGemsHandler - colour 
2021-11-01 15:19:10 [main] INFO  by.epam.task3.handler.ConsoleGemsHandler - pink
2021-11-01 15:19:10 [main] INFO  by.epam.task3.handler.ConsoleGemsHandler -  colour
2021-11-01 15:19:10 [main] INFO  by.epam.task3.handler.ConsoleGemsHandler - 
            
2021-11-01 15:19:10 [main] INFO  by.epam.task3.handler.ConsoleGemsHandler - transparency 
2021-11-01 15:19:10 [main] INFO  by.epam.task3.handler.ConsoleGemsHandler - 26
2021-11-01 15:19:10 [main] INFO  by.epam.task3.handler.ConsoleGemsHandler -  transparency
2021-11-01 15:19:10 [main] INFO  by.epam.task3.handler.ConsoleGemsHandler - >
            
2021-11-01 15:19:10 [main] INFO  by.epam.task3.handler.ConsoleGemsHandler - cut 
2021-11-01 15:19:10 [main] INFO  by.epam.task3.handler.ConsoleGemsHandler - 4
2021-11-01 15:19:10 [main] INFO  by.epam.task3.handler.ConsoleGemsHandler -  cut
2021-11-01 15:19:10 [main] INFO  by.epam.task3.handler.ConsoleGemsHandler - >
        
2021-11-01 15:19:10 [main] INFO  by.epam.task3.handler.ConsoleGemsHandler -  visual-parameters
2021-11-01 15:19:10 [main] INFO  by.epam.task3.handler.ConsoleGemsHandler - 
        
2021-11-01 15:19:10 [main] INFO  by.epam.task3.handler.ConsoleGemsHandler - value 
2021-11-01 15:19:10 [main] INFO  by.epam.task3.handler.ConsoleGemsHandler - 2.5
2021-11-01 15:19:10 [main] INFO  by.epam.task3.handler.ConsoleGemsHandler -  value
2021-11-01 15:19:10 [main] INFO  by.epam.task3.handler.ConsoleGemsHandler - 
        
2021-11-01 15:19:10 [main] INFO  by.epam.task3.handler.ConsoleGemsHandler - origin-country 
2021-11-01 15:19:10 [main] INFO  by.epam.task3.handler.ConsoleGemsHandler - Brazil
2021-11-01 15:19:10 [main] INFO  by.epam.task3.handler.ConsoleGemsHandler -  origin-country
2021-11-01 15:19:10 [main] INFO  by.epam.task3.handler.ConsoleGemsHandler - 
        
2021-11-01 15:19:10 [main] INFO  by.epam.task3.handler.ConsoleGemsHandler - extraction-date 
2021-11-01 15:19:10 [main] INFO  by.epam.task3.handler.ConsoleGemsHandler - 2021-04-25
2021-11-01 15:19:10 [main] INFO  by.epam.task3.handler.ConsoleGemsHandler -  extraction-date
2021-11-01 15:19:10 [main] INFO  by.epam.task3.handler.ConsoleGemsHandler - 
    
2021-11-01 15:19:10 [main] INFO  by.epam.task3.handler.ConsoleGemsHandler -  natural
2021-11-01 15:19:10 [main] INFO  by.epam.task3.handler.ConsoleGemsHandler - 

    
2021-11-01 15:19:10 [main] INFO  by.epam.task3.handler.ConsoleGemsHandler - synthetic  name=diamond id=gem-10 preciousness=precious
2021-11-01 15:19:10 [main] INFO  by.epam.task3.handler.ConsoleGemsHandler - 
        
2021-11-01 15:19:10 [main] INFO  by.epam.task3.handler.ConsoleGemsHandler - visual-parameters 
2021-11-01 15:19:10 [main] INFO  by.epam.task3.handler.ConsoleGemsHandler - 
            
2021-11-01 15:19:10 [main] INFO  by.epam.task3.handler.ConsoleGemsHandler - colour 
2021-11-01 15:19:10 [main] INFO  by.epam.task3.handler.ConsoleGemsHandler - yellow
2021-11-01 15:19:10 [main] INFO  by.epam.task3.handler.ConsoleGemsHandler -  colour
2021-11-01 15:19:10 [main] INFO  by.epam.task3.handler.ConsoleGemsHandler - 
            
2021-11-01 15:19:10 [main] INFO  by.epam.task3.handler.ConsoleGemsHandler - transparency 
2021-11-01 15:19:10 [main] INFO  by.epam.task3.handler.ConsoleGemsHandler - 95
2021-11-01 15:19:10 [main] INFO  by.epam.task3.handler.ConsoleGemsHandler -  transparency
2021-11-01 15:19:10 [main] INFO  by.epam.task3.handler.ConsoleGemsHandler - 
            
2021-11-01 15:19:10 [main] INFO  by.epam.task3.handler.ConsoleGemsHandler - cut 
2021-11-01 15:19:10 [main] INFO  by.epam.task3.handler.ConsoleGemsHandler - 12
2021-11-01 15:19:10 [main] INFO  by.epam.task3.handler.ConsoleGemsHandler -  cut
2021-11-01 15:19:10 [main] INFO  by.epam.task3.handler.ConsoleGemsHandler - 
        
2021-11-01 15:19:10 [main] INFO  by.epam.task3.handler.ConsoleGemsHandler -  visual-parameters
2021-11-01 15:19:10 [main] INFO  by.epam.task3.handler.ConsoleGemsHandler - 
        
2021-11-01 15:19:10 [main] INFO  by.epam.task3.handler.ConsoleGemsHandler - value 
2021-11-01 15:19:10 [main] INFO  by.epam.task3.handler.ConsoleGemsHandler - 5.2
2021-11-01 15:19:10 [main] INFO  by.epam.task3.handler.ConsoleGemsHandler -  value
2021-11-01 15:19:10 [main] INFO  by.epam.task3.handler.ConsoleGemsHandler - 
        
2021-11-01 15:19:10 [main] INFO  by.epam.task3.handler.ConsoleGemsHandler - producer 
2021-11-01 15:19:10 [main] INFO  by.epam.task3.handler.ConsoleGemsHandler - 
            
2021-11-01 15:19:10 [main] INFO  by.epam.task3.handler.ConsoleGemsHandler - company 
2021-11-01 15:19:10 [main] INFO  by.epam.task3.handler.ConsoleGemsHandler - Zhengzhou Diamond Ltd.
2021-11-01 15:19:10 [main] INFO  by.epam.task3.handler.ConsoleGemsHandler -  company
2021-11-01 15:19:10 [main] INFO  by.epam.task3.handler.ConsoleGemsHandler - 
            
2021-11-01 15:19:10 [main] INFO  by.epam.task3.handler.ConsoleGemsHandler - headquarter 
2021-11-01 15:19:10 [main] INFO  by.epam.task3.handler.ConsoleGemsHandler - China
2021-11-01 15:19:10 [main] INFO  by.epam.task3.handler.ConsoleGemsHandler -  headquarter
2021-11-01 15:19:10 [main] INFO  by.epam.task3.handler.ConsoleGemsHandler - 
        
2021-11-01 15:19:10 [main] INFO  by.epam.task3.handler.ConsoleGemsHandler -  producer
2021-11-01 15:19:10 [main] INFO  by.epam.task3.handler.ConsoleGemsHandler - 
        
2021-11-01 15:19:10 [main] INFO  by.epam.task3.handler.ConsoleGemsHandler - production-date 
2021-11-01 15:19:10 [main] INFO  by.epam.task3.handler.ConsoleGemsHandler - 2019-08-14
2021-11-01 15:19:10 [main] INFO  by.epam.task3.handler.ConsoleGemsHandler -  production-date
2021-11-01 15:19:10 [main] INFO  by.epam.task3.handler.ConsoleGemsHandler - 
    
2021-11-01 15:19:10 [main] INFO  by.epam.task3.handler.ConsoleGemsHandler -  synthetic
2021-11-01 15:19:10 [main] INFO  by.epam.task3.handler.ConsoleGemsHandler - 

    
2021-11-01 15:19:10 [main] INFO  by.epam.task3.handler.ConsoleGemsHandler - synthetic  name=diamond id=gem-11 preciousness=precious
2021-11-01 15:19:10 [main] INFO  by.epam.task3.handler.ConsoleGemsHandler - 
        
2021-11-01 15:19:10 [main] INFO  by.epam.task3.handler.ConsoleGemsHandler - visual-parameters 
2021-11-01 15:19:10 [main] INFO  by.epam.task3.handler.ConsoleGemsHandler - 
            
2021-11-01 15:19:10 [main] INFO  by.epam.task3.handler.ConsoleGemsHandler - colour 
2021-11-01 15:19:10 [main] INFO  by.epam.task3.handler.ConsoleGemsHandler - pink
2021-11-01 15:19:10 [main] INFO  by.epam.task3.handler.ConsoleGemsHandler -  colour
2021-11-01 15:19:10 [main] INFO  by.epam.task3.handler.ConsoleGemsHandler - 
            
2021-11-01 15:19:10 [main] INFO  by.epam.task3.handler.ConsoleGemsHandler - transparency 
2021-11-01 15:19:10 [main] INFO  by.epam.task3.handler.ConsoleGemsHandler - 89
2021-11-01 15:19:10 [main] INFO  by.epam.task3.handler.ConsoleGemsHandler -  transparency
2021-11-01 15:19:10 [main] INFO  by.epam.task3.handler.ConsoleGemsHandler - 
            
2021-11-01 15:19:10 [main] INFO  by.epam.task3.handler.ConsoleGemsHandler - cut 
2021-11-01 15:19:10 [main] INFO  by.epam.task3.handler.ConsoleGemsHandler - 11
2021-11-01 15:19:10 [main] INFO  by.epam.task3.handler.ConsoleGemsHandler -  cut
2021-11-01 15:19:10 [main] INFO  by.epam.task3.handler.ConsoleGemsHandler - 
        
2021-11-01 15:19:10 [main] INFO  by.epam.task3.handler.ConsoleGemsHandler -  visual-parameters
