2021-11-01 15:19:10 [main] INFO  by.epam.task3.handler.ConsoleGemsHandler - 
        
2021-11-01 15:19:10 [main] INFO  by.epam.task3.handler.ConsoleGemsHandler - value 
2021-11-01 15:19:10 [main] INFO  by.epam.task3.handler.ConsoleGemsHandler - 4.5
2021-11-01 15:19:10 [main] INFO  by.epam.task3.handler.ConsoleGemsHandler -  value
2021-11-01 15:19:10 [main] INFO  by.epam.task3.handler.ConsoleGemsHandler - 
        
2021-11-01 15:19:10 [main] INFO  by.epam.task3.handler.ConsoleGemsHandler - origin-country 
2021-11-01 15:19:10 [main] INFO  by.epam.task3.handler.ConsoleGemsHandler - Columbia
2021-11-01 15:19:10 [main] INFO  by.epam.task3.handler.ConsoleGemsHandler -  origin-country
2021-11-01 15:19:10 [main] INFO  by.epam.task3.handler.ConsoleGemsHandler - 
        
2021-11-01 15:19:10 [main] INFO  by.epam.task3.handler.ConsoleGemsHandler - extraction-date 
2021-11-01 15:19:10 [main] INFO  by.epam.task3.handler.ConsoleGemsHandler - 2017-10-10
2021-11-01 15:19:10 [main] INFO  by.epam.task3.handler.ConsoleGemsHandler -  extraction-date
2021-11-01 15:19:10 [main] INFO  by.epam.task3.handler.ConsoleGemsHandler - 
    
2021-11-01 15:19:10 [main] INFO  by.epam.task3.handler.ConsoleGemsHandler -  natural
2021-11-01 15:19:10 [main] INFO  by.epam.task3.handler.ConsoleGemsHandler - 

    
2021-11-01 15:19:10 [main] INFO  by.epam.task3.handler.ConsoleGemsHandler - natural  name=tourmaline id=gem-5 preciousness=semiprecious
2021-11-01 15:19:10 [main] INFO  by.epam.task3.handler.ConsoleGemsHandler - 
        
2021-11-01 15:19:10 [main] INFO  by.epam.task3.handler.ConsoleGemsHandler - visual-parameters 
2021-11-01 15:19:10 [main] INFO  by.epam.task3.handler.ConsoleGemsHandler - 
            
2021-11-01 15:19:10 [main] INFO  by.epam.task3.handler.ConsoleGemsHandler - colour 
2021-11-01 15:19:10 [main] INFO  by.epam.task3.handler.ConsoleGemsHandler - pink
2021-11-01 15:19:10 [main] INFO  by.epam.task3.handler.ConsoleGemsHandler -  colour
2021-11-01 15:19:10 [main] INFO  by.epam.task3.handler.ConsoleGemsHandler - 
            
2021-11-01 15:19:10 [main] INFO  by.epam.task3.handler.ConsoleGemsHandler - transparency 
2021-11-01 15:19:10 [main] INFO  by.epam.task3.handler.ConsoleGemsHandler - 55
2021-11-01 15:19:10 [main] INFO  by.epam.task3.handler.ConsoleGemsHandler -  transparency
2021-11-01 15:19:10 [main] INFO  by.epam.task3.handler.ConsoleGemsHandler - >
            
2021-11-01 15:19:10 [main] INFO  by.epam.task3.handler.ConsoleGemsHandler - cut 
2021-11-01 15:19:10 [main] INFO  by.epam.task3.handler.ConsoleGemsHandler - 4
2021-11-01 15:19:10 [main] INFO  by.epam.task3.handler.ConsoleGemsHandler -  cut
2021-11-01 15:19:10 [main] INFO  by.epam.task3.handler.ConsoleGemsHandler - >
        
2021-11-01 15:19:10 [main] INFO  by.epam.task3.handler.ConsoleGemsHandler -  visual-parameters
2021-11-01 15:19:10 [main] INFO  by.epam.task3.handler.ConsoleGemsHandler - 
        
2021-11-01 15:19:10 [main] INFO  by.epam.task3.handler.ConsoleGemsHandler - value 
2021-11-01 15:19:10 [main] INFO  by.epam.task3.handler.ConsoleGemsHandler - 4
2021-11-01 15:19:10 [main] INFO  by.epam.task3.handler.ConsoleGemsHandler -  value
2021-11-01 15:19:10 [main] INFO  by.epam.task3.handler.ConsoleGemsHandler - 
        
2021-11-01 15:19:10 [main] INFO  by.epam.task3.handler.ConsoleGemsHandler - origin-country 
2021-11-01 15:19:10 [main] INFO  by.epam.task3.handler.ConsoleGemsHandler - Brazil
2021-11-01 15:19:10 [main] INFO  by.epam.task3.handler.ConsoleGemsHandler -  origin-country
2021-11-01 15:19:10 [main] INFO  by.epam.task3.handler.ConsoleGemsHandler - 
        
2021-11-01 15:19:10 [main] INFO  by.epam.task3.handler.ConsoleGemsHandler - extraction-date 
2021-11-01 15:19:10 [main] INFO  by.epam.task3.handler.ConsoleGemsHandler - 2021-03-13
2021-11-01 15:19:10 [main] INFO  by.epam.task3.handler.ConsoleGemsHandler -  extraction-date
2021-11-01 15:19:10 [main] INFO  by.epam.task3.handler.ConsoleGemsHandler - 
    
2021-11-01 15:19:10 [main] INFO  by.epam.task3.handler.ConsoleGemsHandler -  natural
2021-11-01 15:19:10 [main] INFO  by.epam.task3.handler.ConsoleGemsHandler - 

    
2021-11-01 15:19:10 [main] INFO  by.epam.task3.handler.ConsoleGemsHandler - natural  name=opal id=gem-6 preciousness=precious
2021-11-01 15:19:10 [main] INFO  by.epam.task3.handler.ConsoleGemsHandler - 
        
2021-11-01 15:19:10 [main] INFO  by.epam.task3.handler.ConsoleGemsHandler - visual-parameters 
2021-11-01 15:19:10 [main] INFO  by.epam.task3.handler.ConsoleGemsHandler - 
            
2021-11-01 15:19:10 [main] INFO  by.epam.task3.handler.ConsoleGemsHandler - colour 
2021-11-01 15:19:10 [main] INFO  by.epam.task3.handler.ConsoleGemsHandler - yellow
2021-11-01 15:19:10 [main] INFO  by.epam.task3.handler.ConsoleGemsHandler -  colour
2021-11-01 15:19:10 [main] INFO  by.epam.task3.handler.ConsoleGemsHandler - 
            
2021-11-01 15:19:10 [main] INFO  by.epam.task3.handler.ConsoleGemsHandler - transparency 
2021-11-01 15:19:10 [main] INFO  by.epam.task3.handler.ConsoleGemsHandler - 20
2021-11-01 15:19:10 [main] INFO  by.epam.task3.handler.ConsoleGemsHandler -  transparency
2021-11-01 15:19:10 [main] INFO  by.epam.task3.handler.ConsoleGemsHandler - >
            
2021-11-01 15:19:10 [main] INFO  by.epam.task3.handler.ConsoleGemsHandler - cut 
2021-11-01 15:19:10 [main] INFO  by.epam.task3.handler.ConsoleGemsHandler - 8
2021-11-01 15:19:10 [main] INFO  by.epam.task3.handler.ConsoleGemsHandler -  cut
2021-11-01 15:19:10 [main] INFO  by.epam.task3.handler.ConsoleGemsHandler - >
        
2021-11-01 15:19:10 [main] INFO  by.epam.task3.handler.ConsoleGemsHandler -  visual-parameters
2021-11-01 15:19:10 [main] INFO  by.epam.task3.handler.ConsoleGemsHandler - 
        
2021-11-01 15:19:10 [main] INFO  by.epam.task3.handler.ConsoleGemsHandler - value 
2021-11-01 15:19:10 [main] INFO  by.epam.task3.handler.ConsoleGemsHandler - 7.5
2021-11-01 15:19:10 [main] INFO  by.epam.task3.handler.ConsoleGemsHandler -  value
2021-11-01 15:19:10 [main] INFO  by.epam.task3.handler.ConsoleGemsHandler - 
        
2021-11-01 15:19:10 [main] INFO  by.epam.task3.handler.ConsoleGemsHandler - origin-country 
2021-11-01 15:19:10 [main] INFO  by.epam.task3.handler.ConsoleGemsHandler - USA
2021-11-01 15:19:10 [main] INFO  by.epam.task3.handler.ConsoleGemsHandler -  origin-country
2021-11-01 15:19:10 [main] INFO  by.epam.task3.handler.ConsoleGemsHandler - 
        
2021-11-01 15:19:10 [main] INFO  by.epam.task3.handler.ConsoleGemsHandler - extraction-date 
2021-11-01 15:19:10 [main] INFO  by.epam.task3.handler.ConsoleGemsHandler - 2018-09-02
2021-11-01 15:19:10 [main] INFO  by.epam.task3.handler.ConsoleGemsHandler -  extraction-date
2021-11-01 15:19:10 [main] INFO  by.epam.task3.handler.ConsoleGemsHandler - 
    
2021-11-01 15:19:10 [main] INFO  by.epam.task3.handler.ConsoleGemsHandler -  natural
2021-11-01 15:19:10 [main] INFO  by.epam.task3.handler.ConsoleGemsHandler - 

    
2021-11-01 15:19:10 [main] INFO  by.epam.task3.handler.ConsoleGemsHandler - natural  name=beryl id=gem-7 preciousness=precious
2021-11-01 15:19:10 [main] INFO  by.epam.task3.handler.ConsoleGemsHandler - 
        
2021-11-01 15:19:10 [main] INFO  by.epam.task3.handler.ConsoleGemsHandler - visual-parameters 
2021-11-01 15:19:10 [main] INFO  by.epam.task3.handler.ConsoleGemsHandler - 
            
2021-11-01 15:19:10 [main] INFO  by.epam.task3.handler.ConsoleGemsHandler - colour 
2021-11-01 15:19:10 [main] INFO  by.epam.task3.handler.ConsoleGemsHandler - green
2021-11-01 15:19:10 [main] INFO  by.epam.task3.handler.ConsoleGemsHandler -  colour
2021-11-01 15:19:10 [main] INFO  by.epam.task3.handler.ConsoleGemsHandler - 
            
2021-11-01 15:19:10 [main] INFO  by.epam.task3.handler.ConsoleGemsHandler - transparency 
2021-11-01 15:19:10 [main] INFO  by.epam.task3.handler.ConsoleGemsHandler - 66
2021-11-01 15:19:10 [main] INFO  by.epam.task3.handler.ConsoleGemsHandler -  transparency
2021-11-01 15:19:10 [main] INFO  by.epam.task3.handler.ConsoleGemsHandler - >
            
2021-11-01 15:19:10 [main] INFO  by.epam.task3.handler.ConsoleGemsHandler - cut 
2021-11-01 15:19:10 [main] INFO  by.epam.task3.handler.ConsoleGemsHandler - 8
2021-11-01 15:19:10 [main] INFO  by.epam.task3.handler.ConsoleGemsHandler -  cut
2021-11-01 15:19:10 [main] INFO  by.epam.task3.handler.ConsoleGemsHandler - >
        
2021-11-01 15:19:10 [main] INFO  by.epam.task3.handler.ConsoleGemsHandler -  visual-parameters
2021-11-01 15:19:10 [main] INFO  by.epam.task3.handler.ConsoleGemsHandler - 
        
2021-11-01 15:19:10 [main] INFO  by.epam.task3.handler.ConsoleGemsHandler - value 
2021-11-01 15:19:10 [main] INFO  by.epam.task3.handler.ConsoleGemsHandler - 4.3
2021-11-01 15:19:10 [main] INFO  by.epam.task3.handler.ConsoleGemsHandler -  value
2021-11-01 15:19:10 [main] INFO  by.epam.task3.handler.ConsoleGemsHandler - 
        
2021-11-01 15:19:10 [main] INFO  by.epam.task3.handler.ConsoleGemsHandler - origin-country 
2021-11-01 15:19:10 [main] INFO  by.epam.task3.handler.ConsoleGemsHandler - Russia
2021-11-01 15:19:10 [main] INFO  by.epam.task3.handler.ConsoleGemsHandler -  origin-country
2021-11-01 15:19:10 [main] INFO  by.epam.task3.handler.ConsoleGemsHandler - 
        
2021-11-01 15:19:10 [main] INFO  by.epam.task3.handler.ConsoleGemsHandler - extraction-date 
2021-11-01 15:19:10 [main] INFO  by.epam.task3.handler.ConsoleGemsHandler - 2020-01-10
2021-11-01 15:19:10 [main] INFO  by.epam.task3.handler.ConsoleGemsHandler -  extraction-date
2021-11-01 15:19:10 [main] INFO  by.epam.task3.handler.ConsoleGemsHandler - 
    
2021-11-01 15:19:10 [main] INFO  by.epam.task3.handler.ConsoleGemsHandler -  natural
2021-11-01 15:19:10 [main] INFO  by.epam.task3.handler.ConsoleGemsHandler - 

    
2021-11-01 15:19:10 [main] INFO  by.epam.task3.handler.ConsoleGemsHandler - natural  name=alexandrite id=gem-8 preciousness=precious
2021-11-01 15:19:10 [main] INFO  by.epam.task3.handler.ConsoleGemsHandler - 
        
2021-11-01 15:19:10 [main] INFO  by.epam.task3.handler.ConsoleGemsHandler - visual-parameters 
2021-11-01 15:19:10 [main] INFO  by.epam.task3.handler.ConsoleGemsHandler - 
            
2021-11-01 15:19:10 [main] INFO  by.epam.task3.handler.ConsoleGemsHandler - colour 
